#! /home1/c/cis5710/tools/bin/vvp
:ivl_version "11.0 (stable)" "(v11_0)";
:ivl_delay_selection "TYPICAL";
:vpi_time_precision - 12;
:vpi_module "/home1/c/cis5710/tools/lib/ivl/system.vpi";
:vpi_module "/home1/c/cis5710/tools/lib/ivl/vhdl_sys.vpi";
:vpi_module "/home1/c/cis5710/tools/lib/ivl/vhdl_textio.vpi";
:vpi_module "/home1/c/cis5710/tools/lib/ivl/v2005_math.vpi";
:vpi_module "/home1/c/cis5710/tools/lib/ivl/va_math.vpi";
S_0x245c5c0 .scope module, "test_adders" "test_adders" 2 14;
 .timescale -9 -12;
L_0x7f34dcabe060 .functor BUFT 1, C4<0>, C4<0>, C4<0>, C4<0>;
v0x24973e0_0 .net *"_ivl_10", 0 0, L_0x7f34dcabe060;  1 drivers
v0x24974c0_0 .net *"_ivl_11", 1 0, L_0x249a020;  1 drivers
v0x24975a0_0 .net *"_ivl_13", 1 0, L_0x249a1d0;  1 drivers
L_0x7f34dcabe0a8 .functor BUFT 1, C4<0>, C4<0>, C4<0>, C4<0>;
v0x2497660_0 .net *"_ivl_16", 0 0, L_0x7f34dcabe0a8;  1 drivers
v0x2497740_0 .net *"_ivl_17", 1 0, L_0x249a300;  1 drivers
v0x2497870_0 .net *"_ivl_22", 2 0, L_0x249b290;  1 drivers
L_0x7f34dcabe0f0 .functor BUFT 1, C4<0>, C4<0>, C4<0>, C4<0>;
v0x2497950_0 .net *"_ivl_25", 0 0, L_0x7f34dcabe0f0;  1 drivers
v0x2497a30_0 .net *"_ivl_26", 2 0, L_0x249b420;  1 drivers
L_0x7f34dcabe138 .functor BUFT 1, C4<0>, C4<0>, C4<0>, C4<0>;
v0x2497b10_0 .net *"_ivl_29", 0 0, L_0x7f34dcabe138;  1 drivers
v0x2497c80_0 .net *"_ivl_3", 1 0, L_0x2499e10;  1 drivers
v0x2497d60_0 .net *"_ivl_30", 2 0, L_0x249b550;  1 drivers
v0x2497e40_0 .net *"_ivl_32", 2 0, L_0x249b770;  1 drivers
L_0x7f34dcabe180 .functor BUFT 1, C4<00>, C4<0>, C4<0>, C4<0>;
v0x2497f20_0 .net *"_ivl_35", 1 0, L_0x7f34dcabe180;  1 drivers
v0x2498000_0 .net *"_ivl_36", 2 0, L_0x249b860;  1 drivers
v0x24980e0_0 .net *"_ivl_42", 3 0, L_0x249df00;  1 drivers
L_0x7f34dcabe018 .functor BUFT 1, C4<0>, C4<0>, C4<0>, C4<0>;
v0x24981c0_0 .net *"_ivl_6", 0 0, L_0x7f34dcabe018;  1 drivers
v0x24982a0_0 .net *"_ivl_7", 1 0, L_0x2499f00;  1 drivers
v0x2498380_0 .var "a", 0 0;
v0x2498420_0 .var "a2", 1 0;
v0x24984e0_0 .var "a4", 3 0;
v0x24985a0_0 .net "actual_fa2_cout", 0 0, L_0x249a6d0;  1 drivers
v0x2498640_0 .net "actual_fa2_sum", 1 0, L_0x249b060;  1 drivers
v0x2498700_0 .net "actual_fa_cout", 0 0, L_0x2499b80;  1 drivers
RS_0x7f34dcb070a8 .resolv tri, L_0x2499820, L_0x24999f0;
v0x24987d0_0 .net8 "actual_fa_sum", 0 0, RS_0x7f34dcb070a8;  2 drivers
v0x2498870_0 .net "actual_ha_cout", 0 0, L_0x2499790;  1 drivers
v0x2498940_0 .net "actual_ha_sum", 0 0, L_0x2499600;  1 drivers
v0x2498a10_0 .net "actual_rca4_sum", 7 0, L_0x249db60;  1 drivers
v0x2498ae0_0 .var "b", 0 0;
v0x2498b80_0 .var "b2", 1 0;
v0x2498c50_0 .var "b4", 3 0;
v0x2498cf0_0 .var "cin", 0 0;
v0x2498d90_0 .var/i "errors", 31 0;
v0x2498e30_0 .net "exp_fa2_cout", 0 0, L_0x249b100;  1 drivers
v0x2499100_0 .net "exp_fa2_sum", 1 0, L_0x249b1f0;  1 drivers
v0x24991e0_0 .net "exp_fa_cout", 0 0, L_0x2499c80;  1 drivers
v0x24992a0_0 .net "exp_fa_sum", 0 0, L_0x2499d20;  1 drivers
v0x2499360_0 .net "exp_rca4_sum", 3 0, L_0x249ddd0;  1 drivers
v0x2499440_0 .var/i "i", 31 0;
v0x2499520_0 .var/i "tests", 31 0;
L_0x2499c80 .part L_0x249a300, 1, 1;
L_0x2499d20 .part L_0x249a300, 0, 1;
L_0x2499e10 .concat [ 1 1 0 0], v0x2498380_0, L_0x7f34dcabe018;
L_0x2499f00 .concat [ 1 1 0 0], v0x2498ae0_0, L_0x7f34dcabe060;
L_0x249a020 .arith/sum 2, L_0x2499e10, L_0x2499f00;
L_0x249a1d0 .concat [ 1 1 0 0], v0x2498cf0_0, L_0x7f34dcabe0a8;
L_0x249a300 .arith/sum 2, L_0x249a020, L_0x249a1d0;
L_0x249b100 .part L_0x249b860, 2, 1;
L_0x249b1f0 .part L_0x249b860, 0, 2;
L_0x249b290 .concat [ 2 1 0 0], v0x2498420_0, L_0x7f34dcabe0f0;
L_0x249b420 .concat [ 2 1 0 0], v0x2498b80_0, L_0x7f34dcabe138;
L_0x249b550 .arith/sum 3, L_0x249b290, L_0x249b420;
L_0x249b770 .concat [ 1 2 0 0], v0x2498cf0_0, L_0x7f34dcabe180;
L_0x249b860 .arith/sum 3, L_0x249b550, L_0x249b770;
L_0x249dd30 .concat [ 4 4 0 0], v0x24984e0_0, v0x2498c50_0;
L_0x249ddd0 .part L_0x249df00, 0, 4;
L_0x249df00 .arith/sum 4, v0x24984e0_0, v0x2498c50_0;
S_0x2462500 .scope module, "fa" "fulladder" 2 31, 3 20 0, S_0x245c5c0;
 .timescale -9 -12;
    .port_info 0 /INPUT 1 "cin";
    .port_info 1 /INPUT 1 "a";
    .port_info 2 /INPUT 1 "b";
    .port_info 3 /OUTPUT 1 "s";
    .port_info 4 /OUTPUT 1 "cout";
L_0x2499b80 .functor OR 1, L_0x2499960, L_0x2499aa0, C4<0>, C4<0>;
v0x248c510_0 .net "a", 0 0, v0x2498380_0;  1 drivers
v0x248c5d0_0 .net "b", 0 0, v0x2498ae0_0;  1 drivers
v0x248c6a0_0 .net "cin", 0 0, v0x2498cf0_0;  1 drivers
v0x248c7a0_0 .net "cout", 0 0, L_0x2499b80;  alias, 1 drivers
v0x248c840_0 .net "cout_tmp1", 0 0, L_0x2499960;  1 drivers
v0x248c930_0 .net "cout_tmp2", 0 0, L_0x2499aa0;  1 drivers
v0x248ca00_0 .net8 "s", 0 0, RS_0x7f34dcb070a8;  alias, 2 drivers
o0x7f34dcb07198 .functor BUFZ 1, C4<z>; HiZ drive
v0x248caf0_0 .net "s_tmp", 0 0, o0x7f34dcb07198;  0 drivers
S_0x242a770 .scope module, "h0" "halfadder" 3 27, 3 10 0, S_0x2462500;
 .timescale -9 -12;
    .port_info 0 /INPUT 1 "a";
    .port_info 1 /INPUT 1 "b";
    .port_info 2 /OUTPUT 1 "s";
    .port_info 3 /OUTPUT 1 "cout";
L_0x2499820 .functor XOR 1, v0x2498380_0, v0x2498ae0_0, C4<0>, C4<0>;
L_0x2499960 .functor AND 1, v0x2498380_0, v0x2498ae0_0, C4<1>, C4<1>;
v0x245d5b0_0 .net "a", 0 0, v0x2498380_0;  alias, 1 drivers
v0x248bcf0_0 .net "b", 0 0, v0x2498ae0_0;  alias, 1 drivers
v0x248bdb0_0 .net "cout", 0 0, L_0x2499960;  alias, 1 drivers
v0x248be50_0 .net8 "s", 0 0, RS_0x7f34dcb070a8;  alias, 2 drivers
S_0x248bf90 .scope module, "h1" "halfadder" 3 28, 3 10 0, S_0x2462500;
 .timescale -9 -12;
    .port_info 0 /INPUT 1 "a";
    .port_info 1 /INPUT 1 "b";
    .port_info 2 /OUTPUT 1 "s";
    .port_info 3 /OUTPUT 1 "cout";
L_0x24999f0 .functor XOR 1, o0x7f34dcb07198, v0x2498cf0_0, C4<0>, C4<0>;
L_0x2499aa0 .functor AND 1, o0x7f34dcb07198, v0x2498cf0_0, C4<1>, C4<1>;
v0x248c190_0 .net "a", 0 0, o0x7f34dcb07198;  alias, 0 drivers
v0x248c250_0 .net "b", 0 0, v0x2498cf0_0;  alias, 1 drivers
v0x248c310_0 .net "cout", 0 0, L_0x2499aa0;  alias, 1 drivers
v0x248c3b0_0 .net8 "s", 0 0, RS_0x7f34dcb070a8;  alias, 2 drivers
S_0x248cbc0 .scope module, "fa2" "fulladder2" 2 39, 3 33 0, S_0x245c5c0;
 .timescale -9 -12;
    .port_info 0 /INPUT 1 "cin";
    .port_info 1 /INPUT 2 "a";
    .port_info 2 /INPUT 2 "b";
    .port_info 3 /OUTPUT 2 "s";
    .port_info 4 /OUTPUT 1 "cout";
v0x248f760_0 .net "a", 1 0, v0x2498420_0;  1 drivers
v0x248f820_0 .net "b", 1 0, v0x2498b80_0;  1 drivers
v0x248f900_0 .net "cin", 0 0, v0x2498cf0_0;  alias, 1 drivers
v0x248f9a0_0 .net "cout", 0 0, L_0x249a6d0;  alias, 1 drivers
v0x248fa70_0 .net "cout_tmp", 0 0, L_0x249ad50;  1 drivers
v0x248fb10_0 .net "s", 1 0, L_0x249b060;  alias, 1 drivers
L_0x249a760 .part v0x2498420_0, 0, 1;
L_0x249a820 .part v0x2498b80_0, 0, 1;
L_0x249ae00 .part v0x2498420_0, 1, 1;
L_0x249af30 .part v0x2498b80_0, 1, 1;
RS_0x7f34dcb07498 .resolv tri, L_0x249a0c0, L_0x249a5a0;
RS_0x7f34dcb07858 .resolv tri, L_0x249a8c0, L_0x249aaf0;
L_0x249b060 .concat8 [ 1 1 0 0], RS_0x7f34dcb07498, RS_0x7f34dcb07858;
S_0x248cda0 .scope module, "a0" "fulladder" 3 40, 3 20 0, S_0x248cbc0;
 .timescale -9 -12;
    .port_info 0 /INPUT 1 "cin";
    .port_info 1 /INPUT 1 "a";
    .port_info 2 /INPUT 1 "b";
    .port_info 3 /OUTPUT 1 "s";
    .port_info 4 /OUTPUT 1 "cout";
L_0x249a6d0 .functor OR 1, L_0x249a4e0, L_0x249a610, C4<0>, C4<0>;
v0x248dbf0_0 .net "a", 0 0, L_0x249a760;  1 drivers
v0x248dcb0_0 .net "b", 0 0, L_0x249a820;  1 drivers
v0x248dd80_0 .net "cin", 0 0, v0x2498cf0_0;  alias, 1 drivers
v0x248de50_0 .net "cout", 0 0, L_0x249a6d0;  alias, 1 drivers
v0x248def0_0 .net "cout_tmp1", 0 0, L_0x249a4e0;  1 drivers
v0x248dfe0_0 .net "cout_tmp2", 0 0, L_0x249a610;  1 drivers
v0x248e0b0_0 .net8 "s", 0 0, RS_0x7f34dcb07498;  2 drivers
o0x7f34dcb07588 .functor BUFZ 1, C4<z>; HiZ drive
v0x248e1a0_0 .net "s_tmp", 0 0, o0x7f34dcb07588;  0 drivers
S_0x248d030 .scope module, "h0" "halfadder" 3 27, 3 10 0, S_0x248cda0;
 .timescale -9 -12;
    .port_info 0 /INPUT 1 "a";
    .port_info 1 /INPUT 1 "b";
    .port_info 2 /OUTPUT 1 "s";
    .port_info 3 /OUTPUT 1 "cout";
L_0x249a0c0 .functor XOR 1, L_0x249a760, L_0x249a820, C4<0>, C4<0>;
L_0x249a4e0 .functor AND 1, L_0x249a760, L_0x249a820, C4<1>, C4<1>;
v0x248d260_0 .net "a", 0 0, L_0x249a760;  alias, 1 drivers
v0x248d340_0 .net "b", 0 0, L_0x249a820;  alias, 1 drivers
v0x248d400_0 .net "cout", 0 0, L_0x249a4e0;  alias, 1 drivers
v0x248d4d0_0 .net8 "s", 0 0, RS_0x7f34dcb07498;  alias, 2 drivers
S_0x248d640 .scope module, "h1" "halfadder" 3 28, 3 10 0, S_0x248cda0;
 .timescale -9 -12;
    .port_info 0 /INPUT 1 "a";
    .port_info 1 /INPUT 1 "b";
    .port_info 2 /OUTPUT 1 "s";
    .port_info 3 /OUTPUT 1 "cout";
L_0x249a5a0 .functor XOR 1, o0x7f34dcb07588, v0x2498cf0_0, C4<0>, C4<0>;
L_0x249a610 .functor AND 1, o0x7f34dcb07588, v0x2498cf0_0, C4<1>, C4<1>;
v0x248d840_0 .net "a", 0 0, o0x7f34dcb07588;  alias, 0 drivers
v0x248d900_0 .net "b", 0 0, v0x2498cf0_0;  alias, 1 drivers
v0x248da10_0 .net "cout", 0 0, L_0x249a610;  alias, 1 drivers
v0x248dab0_0 .net8 "s", 0 0, RS_0x7f34dcb07498;  alias, 2 drivers
S_0x248e270 .scope module, "a1" "fulladder" 3 41, 3 20 0, S_0x248cbc0;
 .timescale -9 -12;
    .port_info 0 /INPUT 1 "cin";
    .port_info 1 /INPUT 1 "a";
    .port_info 2 /INPUT 1 "b";
    .port_info 3 /OUTPUT 1 "s";
    .port_info 4 /OUTPUT 1 "cout";
L_0x249ad50 .functor OR 1, L_0x249aa10, L_0x249acc0, C4<0>, C4<0>;
v0x248f090_0 .net "a", 0 0, L_0x249ae00;  1 drivers
v0x248f150_0 .net "b", 0 0, L_0x249af30;  1 drivers
v0x248f220_0 .net "cin", 0 0, L_0x249ad50;  alias, 1 drivers
v0x248f320_0 .net "cout", 0 0, L_0x249ad50;  alias, 1 drivers
v0x248f410_0 .net "cout_tmp1", 0 0, L_0x249aa10;  1 drivers
v0x248f500_0 .net "cout_tmp2", 0 0, L_0x249acc0;  1 drivers
v0x248f5a0_0 .net8 "s", 0 0, RS_0x7f34dcb07858;  2 drivers
o0x7f34dcb07948 .functor BUFZ 1, C4<z>; HiZ drive
v0x248f690_0 .net "s_tmp", 0 0, o0x7f34dcb07948;  0 drivers
S_0x248e4f0 .scope module, "h0" "halfadder" 3 27, 3 10 0, S_0x248e270;
 .timescale -9 -12;
    .port_info 0 /INPUT 1 "a";
    .port_info 1 /INPUT 1 "b";
    .port_info 2 /OUTPUT 1 "s";
    .port_info 3 /OUTPUT 1 "cout";
L_0x249a8c0 .functor XOR 1, L_0x249ae00, L_0x249af30, C4<0>, C4<0>;
L_0x249aa10 .functor AND 1, L_0x249ae00, L_0x249af30, C4<1>, C4<1>;
v0x248e700_0 .net "a", 0 0, L_0x249ae00;  alias, 1 drivers
v0x248e7e0_0 .net "b", 0 0, L_0x249af30;  alias, 1 drivers
v0x248e8a0_0 .net "cout", 0 0, L_0x249aa10;  alias, 1 drivers
v0x248e970_0 .net8 "s", 0 0, RS_0x7f34dcb07858;  alias, 2 drivers
S_0x248eae0 .scope module, "h1" "halfadder" 3 28, 3 10 0, S_0x248e270;
 .timescale -9 -12;
    .port_info 0 /INPUT 1 "a";
    .port_info 1 /INPUT 1 "b";
    .port_info 2 /OUTPUT 1 "s";
    .port_info 3 /OUTPUT 1 "cout";
L_0x249aaf0 .functor XOR 1, o0x7f34dcb07948, L_0x249ad50, C4<0>, C4<0>;
L_0x249acc0 .functor AND 1, o0x7f34dcb07948, L_0x249ad50, C4<1>, C4<1>;
v0x248ece0_0 .net "a", 0 0, o0x7f34dcb07948;  alias, 0 drivers
v0x248eda0_0 .net "b", 0 0, L_0x249ad50;  alias, 1 drivers
v0x248ee60_0 .net "cout", 0 0, L_0x249acc0;  alias, 1 drivers
v0x248ef30_0 .net8 "s", 0 0, RS_0x7f34dcb07858;  alias, 2 drivers
S_0x248fc50 .scope module, "ha" "halfadder" 2 26, 3 10 0, S_0x245c5c0;
 .timescale -9 -12;
    .port_info 0 /INPUT 1 "a";
    .port_info 1 /INPUT 1 "b";
    .port_info 2 /OUTPUT 1 "s";
    .port_info 3 /OUTPUT 1 "cout";
L_0x2499600 .functor XOR 1, v0x2498380_0, v0x2498ae0_0, C4<0>, C4<0>;
L_0x2499790 .functor AND 1, v0x2498380_0, v0x2498ae0_0, C4<1>, C4<1>;
v0x248fe60_0 .net "a", 0 0, v0x2498380_0;  alias, 1 drivers
v0x248ff50_0 .net "b", 0 0, v0x2498ae0_0;  alias, 1 drivers
v0x2490060_0 .net "cout", 0 0, L_0x2499790;  alias, 1 drivers
v0x2490100_0 .net "s", 0 0, L_0x2499600;  alias, 1 drivers
S_0x2490220 .scope task, "printPoints" "printPoints" 4 1, 4 1 0, S_0x245c5c0;
 .timescale -9 -12;
v0x2490400_0 .var "actual", 31 0;
v0x2490500_0 .var "possible", 31 0;
TD_test_adders.printPoints ;
    %vpi_call 4 4 "$display", "<scorePossible>%d</scorePossible>", v0x2490500_0 {0 0 0};
    %vpi_call 4 5 "$display", "<scoreActual>%d</scoreActual>", v0x2490400_0 {0 0 0};
    %end;
S_0x24905e0 .scope module, "r0" "rca4" 2 45, 3 47 0, S_0x245c5c0;
 .timescale -9 -12;
    .port_info 0 /INPUT 8 "SWITCH";
    .port_info 1 /OUTPUT 8 "LED";
v0x2496f10_0 .net "LED", 7 0, L_0x249db60;  alias, 1 drivers
v0x2497010_0 .net "SWITCH", 7 0, L_0x249dd30;  1 drivers
L_0x7f34dcabe210 .functor BUFT 1, C4<0000>, C4<0>, C4<0>, C4<0>;
v0x24970f0_0 .net/2u *"_ivl_19", 3 0, L_0x7f34dcabe210;  1 drivers
v0x24971b0_0 .net *"_ivl_9", 2 0, L_0x249d8a0;  1 drivers
v0x2497290_0 .net "cout0", 0 0, L_0x249bd60;  1 drivers
L_0x249c780 .part L_0x249dd30, 0, 2;
L_0x249c820 .part L_0x249dd30, 4, 2;
L_0x249d8a0 .part L_0x249dd30, 1, 3;
L_0x249d940 .part L_0x249d8a0, 0, 2;
L_0x249da30 .part L_0x249dd30, 6, 2;
L_0x249db60 .concat8 [ 2 2 4 0], L_0x249c6e0, L_0x249d800, L_0x7f34dcabe210;
S_0x2490830 .scope module, "a0" "fulladder2" 3 50, 3 33 0, S_0x24905e0;
 .timescale -9 -12;
    .port_info 0 /INPUT 1 "cin";
    .port_info 1 /INPUT 2 "a";
    .port_info 2 /INPUT 2 "b";
    .port_info 3 /OUTPUT 2 "s";
    .port_info 4 /OUTPUT 1 "cout";
v0x2493630_0 .net "a", 1 0, L_0x249c780;  1 drivers
v0x24936f0_0 .net "b", 1 0, L_0x249c820;  1 drivers
L_0x7f34dcabe1c8 .functor BUFT 1, C4<1>, C4<0>, C4<0>, C4<0>;
v0x24937d0_0 .net "cin", 0 0, L_0x7f34dcabe1c8;  1 drivers
v0x24938c0_0 .net "cout", 0 0, L_0x249bd60;  alias, 1 drivers
v0x2493960_0 .net "cout_tmp", 0 0, L_0x249c3d0;  1 drivers
v0x2493a50_0 .net "s", 1 0, L_0x249c6e0;  1 drivers
L_0x249bdf0 .part L_0x249c780, 0, 1;
L_0x249bf20 .part L_0x249c820, 0, 1;
L_0x249c480 .part L_0x249c780, 1, 1;
L_0x249c5b0 .part L_0x249c820, 1, 1;
RS_0x7f34dcb07f18 .resolv tri, L_0x249b700, L_0x249bb10;
RS_0x7f34dcb08308 .resolv tri, L_0x249c050, L_0x249c170;
L_0x249c6e0 .concat8 [ 1 1 0 0], RS_0x7f34dcb07f18, RS_0x7f34dcb08308;
S_0x2490ab0 .scope module, "a0" "fulladder" 3 40, 3 20 0, S_0x2490830;
 .timescale -9 -12;
    .port_info 0 /INPUT 1 "cin";
    .port_info 1 /INPUT 1 "a";
    .port_info 2 /INPUT 1 "b";
    .port_info 3 /OUTPUT 1 "s";
    .port_info 4 /OUTPUT 1 "cout";
L_0x249bd60 .functor OR 1, L_0x249b5f0, L_0x249bc10, C4<0>, C4<0>;
v0x24919d0_0 .net "a", 0 0, L_0x249bdf0;  1 drivers
v0x2491a90_0 .net "b", 0 0, L_0x249bf20;  1 drivers
v0x2491b60_0 .net "cin", 0 0, L_0x7f34dcabe1c8;  alias, 1 drivers
v0x2491c60_0 .net "cout", 0 0, L_0x249bd60;  alias, 1 drivers
v0x2491d00_0 .net "cout_tmp1", 0 0, L_0x249b5f0;  1 drivers
v0x2491df0_0 .net "cout_tmp2", 0 0, L_0x249bc10;  1 drivers
v0x2491ec0_0 .net8 "s", 0 0, RS_0x7f34dcb07f18;  2 drivers
o0x7f34dcb08008 .functor BUFZ 1, C4<z>; HiZ drive
v0x2491fb0_0 .net "s_tmp", 0 0, o0x7f34dcb08008;  0 drivers
S_0x2490d30 .scope module, "h0" "halfadder" 3 27, 3 10 0, S_0x2490ab0;
 .timescale -9 -12;
    .port_info 0 /INPUT 1 "a";
    .port_info 1 /INPUT 1 "b";
    .port_info 2 /OUTPUT 1 "s";
    .port_info 3 /OUTPUT 1 "cout";
L_0x249b700 .functor XOR 1, L_0x249bdf0, L_0x249bf20, C4<0>, C4<0>;
L_0x249b5f0 .functor AND 1, L_0x249bdf0, L_0x249bf20, C4<1>, C4<1>;
v0x2490fd0_0 .net "a", 0 0, L_0x249bdf0;  alias, 1 drivers
v0x24910b0_0 .net "b", 0 0, L_0x249bf20;  alias, 1 drivers
v0x2491170_0 .net "cout", 0 0, L_0x249b5f0;  alias, 1 drivers
v0x2491240_0 .net8 "s", 0 0, RS_0x7f34dcb07f18;  alias, 2 drivers
S_0x24913b0 .scope module, "h1" "halfadder" 3 28, 3 10 0, S_0x2490ab0;
 .timescale -9 -12;
    .port_info 0 /INPUT 1 "a";
    .port_info 1 /INPUT 1 "b";
    .port_info 2 /OUTPUT 1 "s";
    .port_info 3 /OUTPUT 1 "cout";
L_0x249bb10 .functor XOR 1, o0x7f34dcb08008, L_0x7f34dcabe1c8, C4<0>, C4<0>;
L_0x249bc10 .functor AND 1, o0x7f34dcb08008, L_0x7f34dcabe1c8, C4<1>, C4<1>;
v0x2491620_0 .net "a", 0 0, o0x7f34dcb08008;  alias, 0 drivers
v0x24916e0_0 .net "b", 0 0, L_0x7f34dcabe1c8;  alias, 1 drivers
v0x24917a0_0 .net "cout", 0 0, L_0x249bc10;  alias, 1 drivers
v0x2491870_0 .net8 "s", 0 0, RS_0x7f34dcb07f18;  alias, 2 drivers
S_0x2492080 .scope module, "a1" "fulladder" 3 41, 3 20 0, S_0x2490830;
 .timescale -9 -12;
    .port_info 0 /INPUT 1 "cin";
    .port_info 1 /INPUT 1 "a";
    .port_info 2 /INPUT 1 "b";
    .port_info 3 /OUTPUT 1 "s";
    .port_info 4 /OUTPUT 1 "cout";
L_0x249c3d0 .functor OR 1, L_0x249c0e0, L_0x249c340, C4<0>, C4<0>;
v0x2492f60_0 .net "a", 0 0, L_0x249c480;  1 drivers
v0x2493020_0 .net "b", 0 0, L_0x249c5b0;  1 drivers
v0x24930f0_0 .net "cin", 0 0, L_0x249c3d0;  alias, 1 drivers
v0x24931f0_0 .net "cout", 0 0, L_0x249c3d0;  alias, 1 drivers
v0x24932e0_0 .net "cout_tmp1", 0 0, L_0x249c0e0;  1 drivers
v0x24933d0_0 .net "cout_tmp2", 0 0, L_0x249c340;  1 drivers
v0x2493470_0 .net8 "s", 0 0, RS_0x7f34dcb08308;  2 drivers
o0x7f34dcb083f8 .functor BUFZ 1, C4<z>; HiZ drive
v0x2493560_0 .net "s_tmp", 0 0, o0x7f34dcb083f8;  0 drivers
S_0x24922e0 .scope module, "h0" "halfadder" 3 27, 3 10 0, S_0x2492080;
 .timescale -9 -12;
    .port_info 0 /INPUT 1 "a";
    .port_info 1 /INPUT 1 "b";
    .port_info 2 /OUTPUT 1 "s";
    .port_info 3 /OUTPUT 1 "cout";
L_0x249c050 .functor XOR 1, L_0x249c480, L_0x249c5b0, C4<0>, C4<0>;
L_0x249c0e0 .functor AND 1, L_0x249c480, L_0x249c5b0, C4<1>, C4<1>;
v0x2492560_0 .net "a", 0 0, L_0x249c480;  alias, 1 drivers
v0x2492640_0 .net "b", 0 0, L_0x249c5b0;  alias, 1 drivers
v0x2492700_0 .net "cout", 0 0, L_0x249c0e0;  alias, 1 drivers
v0x24927d0_0 .net8 "s", 0 0, RS_0x7f34dcb08308;  alias, 2 drivers
S_0x2492940 .scope module, "h1" "halfadder" 3 28, 3 10 0, S_0x2492080;
 .timescale -9 -12;
    .port_info 0 /INPUT 1 "a";
    .port_info 1 /INPUT 1 "b";
    .port_info 2 /OUTPUT 1 "s";
    .port_info 3 /OUTPUT 1 "cout";
L_0x249c170 .functor XOR 1, o0x7f34dcb083f8, L_0x249c3d0, C4<0>, C4<0>;
L_0x249c340 .functor AND 1, o0x7f34dcb083f8, L_0x249c3d0, C4<1>, C4<1>;
v0x2492bb0_0 .net "a", 0 0, o0x7f34dcb083f8;  alias, 0 drivers
v0x2492c70_0 .net "b", 0 0, L_0x249c3d0;  alias, 1 drivers
v0x2492d30_0 .net "cout", 0 0, L_0x249c340;  alias, 1 drivers
v0x2492e00_0 .net8 "s", 0 0, RS_0x7f34dcb08308;  alias, 2 drivers
S_0x2493b90 .scope module, "a3" "fulladder2" 3 51, 3 33 0, S_0x24905e0;
 .timescale -9 -12;
    .port_info 0 /INPUT 1 "cin";
    .port_info 1 /INPUT 2 "a";
    .port_info 2 /INPUT 2 "b";
    .port_info 3 /OUTPUT 2 "s";
    .port_info 4 /OUTPUT 1 "cout";
v0x2496990_0 .net "a", 1 0, L_0x249d940;  1 drivers
v0x2496a50_0 .net "b", 1 0, L_0x249da30;  1 drivers
v0x2496b30_0 .net "cin", 0 0, L_0x249bd60;  alias, 1 drivers
v0x2496c60_0 .net "cout", 0 0, L_0x249ce50;  1 drivers
v0x2496d30_0 .net "cout_tmp", 0 0, L_0x249d4f0;  1 drivers
v0x2496dd0_0 .net "s", 1 0, L_0x249d800;  1 drivers
L_0x249cf50 .part L_0x249d940, 0, 1;
L_0x249cff0 .part L_0x249da30, 0, 1;
L_0x249d5a0 .part L_0x249d940, 1, 1;
L_0x249d6d0 .part L_0x249da30, 1, 1;
RS_0x7f34dcb08848 .resolv tri, L_0x249c910, L_0x249cb20;
RS_0x7f34dcb08c08 .resolv tri, L_0x249d120, L_0x249d290;
L_0x249d800 .concat8 [ 1 1 0 0], RS_0x7f34dcb08848, RS_0x7f34dcb08c08;
S_0x2493e10 .scope module, "a0" "fulladder" 3 40, 3 20 0, S_0x2493b90;
 .timescale -9 -12;
    .port_info 0 /INPUT 1 "cin";
    .port_info 1 /INPUT 1 "a";
    .port_info 2 /INPUT 1 "b";
    .port_info 3 /OUTPUT 1 "s";
    .port_info 4 /OUTPUT 1 "cout";
L_0x249ce50 .functor OR 1, L_0x249ca40, L_0x249cc60, C4<0>, C4<0>;
v0x2494d40_0 .net "a", 0 0, L_0x249cf50;  1 drivers
v0x2494e00_0 .net "b", 0 0, L_0x249cff0;  1 drivers
v0x2494ed0_0 .net "cin", 0 0, L_0x249bd60;  alias, 1 drivers
v0x2494fa0_0 .net "cout", 0 0, L_0x249ce50;  alias, 1 drivers
v0x2495040_0 .net "cout_tmp1", 0 0, L_0x249ca40;  1 drivers
v0x2495130_0 .net "cout_tmp2", 0 0, L_0x249cc60;  1 drivers
v0x2495200_0 .net8 "s", 0 0, RS_0x7f34dcb08848;  2 drivers
o0x7f34dcb08938 .functor BUFZ 1, C4<z>; HiZ drive
v0x24952f0_0 .net "s_tmp", 0 0, o0x7f34dcb08938;  0 drivers
S_0x24940a0 .scope module, "h0" "halfadder" 3 27, 3 10 0, S_0x2493e10;
 .timescale -9 -12;
    .port_info 0 /INPUT 1 "a";
    .port_info 1 /INPUT 1 "b";
    .port_info 2 /OUTPUT 1 "s";
    .port_info 3 /OUTPUT 1 "cout";
L_0x249c910 .functor XOR 1, L_0x249cf50, L_0x249cff0, C4<0>, C4<0>;
L_0x249ca40 .functor AND 1, L_0x249cf50, L_0x249cff0, C4<1>, C4<1>;
v0x2494340_0 .net "a", 0 0, L_0x249cf50;  alias, 1 drivers
v0x2494420_0 .net "b", 0 0, L_0x249cff0;  alias, 1 drivers
v0x24944e0_0 .net "cout", 0 0, L_0x249ca40;  alias, 1 drivers
v0x24945b0_0 .net8 "s", 0 0, RS_0x7f34dcb08848;  alias, 2 drivers
S_0x2494720 .scope module, "h1" "halfadder" 3 28, 3 10 0, S_0x2493e10;
 .timescale -9 -12;
    .port_info 0 /INPUT 1 "a";
    .port_info 1 /INPUT 1 "b";
    .port_info 2 /OUTPUT 1 "s";
    .port_info 3 /OUTPUT 1 "cout";
L_0x249cb20 .functor XOR 1, o0x7f34dcb08938, L_0x249bd60, C4<0>, C4<0>;
L_0x249cc60 .functor AND 1, o0x7f34dcb08938, L_0x249bd60, C4<1>, C4<1>;
v0x2494990_0 .net "a", 0 0, o0x7f34dcb08938;  alias, 0 drivers
v0x2494a50_0 .net "b", 0 0, L_0x249bd60;  alias, 1 drivers
v0x2494b60_0 .net "cout", 0 0, L_0x249cc60;  alias, 1 drivers
v0x2494c00_0 .net8 "s", 0 0, RS_0x7f34dcb08848;  alias, 2 drivers
S_0x24953c0 .scope module, "a1" "fulladder" 3 41, 3 20 0, S_0x2493b90;
 .timescale -9 -12;
    .port_info 0 /INPUT 1 "cin";
    .port_info 1 /INPUT 1 "a";
    .port_info 2 /INPUT 1 "b";
    .port_info 3 /OUTPUT 1 "s";
    .port_info 4 /OUTPUT 1 "cout";
L_0x249d4f0 .functor OR 1, L_0x249d1b0, L_0x249d460, C4<0>, C4<0>;
v0x24962c0_0 .net "a", 0 0, L_0x249d5a0;  1 drivers
v0x2496380_0 .net "b", 0 0, L_0x249d6d0;  1 drivers
v0x2496450_0 .net "cin", 0 0, L_0x249d4f0;  alias, 1 drivers
v0x2496550_0 .net "cout", 0 0, L_0x249d4f0;  alias, 1 drivers
v0x2496640_0 .net "cout_tmp1", 0 0, L_0x249d1b0;  1 drivers
v0x2496730_0 .net "cout_tmp2", 0 0, L_0x249d460;  1 drivers
v0x24967d0_0 .net8 "s", 0 0, RS_0x7f34dcb08c08;  2 drivers
o0x7f34dcb08cf8 .functor BUFZ 1, C4<z>; HiZ drive
v0x24968c0_0 .net "s_tmp", 0 0, o0x7f34dcb08cf8;  0 drivers
S_0x2495640 .scope module, "h0" "halfadder" 3 27, 3 10 0, S_0x24953c0;
 .timescale -9 -12;
    .port_info 0 /INPUT 1 "a";
    .port_info 1 /INPUT 1 "b";
    .port_info 2 /OUTPUT 1 "s";
    .port_info 3 /OUTPUT 1 "cout";
L_0x249d120 .functor XOR 1, L_0x249d5a0, L_0x249d6d0, C4<0>, C4<0>;
L_0x249d1b0 .functor AND 1, L_0x249d5a0, L_0x249d6d0, C4<1>, C4<1>;
v0x24958c0_0 .net "a", 0 0, L_0x249d5a0;  alias, 1 drivers
v0x24959a0_0 .net "b", 0 0, L_0x249d6d0;  alias, 1 drivers
v0x2495a60_0 .net "cout", 0 0, L_0x249d1b0;  alias, 1 drivers
v0x2495b30_0 .net8 "s", 0 0, RS_0x7f34dcb08c08;  alias, 2 drivers
S_0x2495ca0 .scope module, "h1" "halfadder" 3 28, 3 10 0, S_0x24953c0;
 .timescale -9 -12;
    .port_info 0 /INPUT 1 "a";
    .port_info 1 /INPUT 1 "b";
    .port_info 2 /OUTPUT 1 "s";
    .port_info 3 /OUTPUT 1 "cout";
L_0x249d290 .functor XOR 1, o0x7f34dcb08cf8, L_0x249d4f0, C4<0>, C4<0>;
L_0x249d460 .functor AND 1, o0x7f34dcb08cf8, L_0x249d4f0, C4<1>, C4<1>;
v0x2495f10_0 .net "a", 0 0, o0x7f34dcb08cf8;  alias, 0 drivers
v0x2495fd0_0 .net "b", 0 0, L_0x249d4f0;  alias, 1 drivers
v0x2496090_0 .net "cout", 0 0, L_0x249d460;  alias, 1 drivers
v0x2496160_0 .net8 "s", 0 0, RS_0x7f34dcb08c08;  alias, 2 drivers
    .scope S_0x245c5c0;
T_1 ;
    %vpi_call 2 52 "$dumpfile", "rca.vcd" {0 0 0};
    %vpi_call 2 53 "$dumpvars" {0 0 0};
    %pushi/vec4 0, 0, 1;
    %store/vec4 v0x2498380_0, 0, 1;
    %pushi/vec4 0, 0, 1;
    %store/vec4 v0x2498ae0_0, 0, 1;
    %pushi/vec4 0, 0, 32;
    %store/vec4 v0x2498d90_0, 0, 32;
    %pushi/vec4 0, 0, 32;
    %store/vec4 v0x2499520_0, 0, 32;
    %delay 100000, 0;
    %pushi/vec4 0, 0, 32;
    %store/vec4 v0x2499440_0, 0, 32;
T_1.0 ;
    %load/vec4 v0x2499440_0;
    %cmpi/s 3, 0, 32;
    %flag_or 5, 4;
    %jmp/0xz T_1.1, 5;
    %load/vec4 v0x2499440_0;
    %parti/s 1, 0, 2;
    %store/vec4 v0x2498380_0, 0, 1;
    %load/vec4 v0x2499440_0;
    %parti/s 1, 1, 2;
    %store/vec4 v0x2498ae0_0, 0, 1;
    %delay 6000, 0;
    %load/vec4 v0x2499520_0;
    %addi 2, 0, 32;
    %store/vec4 v0x2499520_0, 0, 32;
    %load/vec4 v0x2499440_0;
    %dup/vec4;
    %pushi/vec4 0, 0, 32;
    %cmp/u;
    %jmp/1 T_1.2, 6;
    %dup/vec4;
    %pushi/vec4 3, 0, 32;
    %cmp/u;
    %jmp/1 T_1.3, 6;
    %dup/vec4;
    %pushi/vec4 1, 0, 32;
    %cmp/u;
    %jmp/1 T_1.4, 6;
    %dup/vec4;
    %pushi/vec4 2, 0, 32;
    %cmp/u;
    %jmp/1 T_1.5, 6;
    %jmp T_1.6;
T_1.2 ;
    %load/vec4 v0x2498940_0;
    %pad/u 32;
    %cmpi/ne 0, 0, 32;
    %jmp/0xz  T_1.7, 6;
    %load/vec4 v0x2498d90_0;
    %cmpi/s 15, 0, 32;
    %jmp/0xz  T_1.9, 5;
    %vpi_call 2 78 "$display", "[halfadder] ERROR: %b + %b should produce sum=0 but was %b instead", v0x2498380_0, v0x2498ae0_0, v0x2498940_0 {0 0 0};
T_1.9 ;
    %load/vec4 v0x2498d90_0;
    %addi 1, 0, 32;
    %store/vec4 v0x2498d90_0, 0, 32;
T_1.7 ;
    %jmp T_1.6;
T_1.3 ;
    %load/vec4 v0x2498940_0;
    %pad/u 32;
    %cmpi/ne 0, 0, 32;
    %jmp/0xz  T_1.11, 6;
    %load/vec4 v0x2498d90_0;
    %cmpi/s 15, 0, 32;
    %jmp/0xz  T_1.13, 5;
    %vpi_call 2 78 "$display", "[halfadder] ERROR: %b + %b should produce sum=0 but was %b instead", v0x2498380_0, v0x2498ae0_0, v0x2498940_0 {0 0 0};
T_1.13 ;
    %load/vec4 v0x2498d90_0;
    %addi 1, 0, 32;
    %store/vec4 v0x2498d90_0, 0, 32;
T_1.11 ;
    %jmp T_1.6;
T_1.4 ;
    %load/vec4 v0x2498940_0;
    %pad/u 32;
    %cmpi/ne 1, 0, 32;
    %jmp/0xz  T_1.15, 6;
    %load/vec4 v0x2498d90_0;
    %cmpi/s 15, 0, 32;
    %jmp/0xz  T_1.17, 5;
    %vpi_call 2 85 "$display", "[halfadder] ERROR: %b + %b should produce sum=1 but was %b instead", v0x2498380_0, v0x2498ae0_0, v0x2498940_0 {0 0 0};
T_1.17 ;
    %load/vec4 v0x2498d90_0;
    %addi 1, 0, 32;
    %store/vec4 v0x2498d90_0, 0, 32;
T_1.15 ;
    %jmp T_1.6;
T_1.5 ;
    %load/vec4 v0x2498940_0;
    %pad/u 32;
    %cmpi/ne 1, 0, 32;
    %jmp/0xz  T_1.19, 6;
    %load/vec4 v0x2498d90_0;
    %cmpi/s 15, 0, 32;
    %jmp/0xz  T_1.21, 5;
    %vpi_call 2 85 "$display", "[halfadder] ERROR: %b + %b should produce sum=1 but was %b instead", v0x2498380_0, v0x2498ae0_0, v0x2498940_0 {0 0 0};
T_1.21 ;
    %load/vec4 v0x2498d90_0;
    %addi 1, 0, 32;
    %store/vec4 v0x2498d90_0, 0, 32;
T_1.19 ;
    %jmp T_1.6;
T_1.6 ;
    %pop/vec4 1;
    %load/vec4 v0x2499440_0;
    %cmpi/s 3, 0, 32;
    %flag_get/vec4 5;
    %pushi/vec4 0, 0, 32;
    %load/vec4 v0x2498870_0;
    %pad/u 32;
    %cmp/ne;
    %flag_get/vec4 6;
    %and;
    %flag_set/vec4 8;
    %jmp/0xz  T_1.23, 8;
    %load/vec4 v0x2498d90_0;
    %cmpi/s 15, 0, 32;
    %jmp/0xz  T_1.25, 5;
    %vpi_call 2 94 "$display", "[halfadder] ERROR: %b + %b should produce cout=0 but was %b instead", v0x2498380_0, v0x2498ae0_0, v0x2498870_0 {0 0 0};
T_1.25 ;
    %load/vec4 v0x2498d90_0;
    %addi 1, 0, 32;
    %store/vec4 v0x2498d90_0, 0, 32;
T_1.23 ;
    %load/vec4 v0x2499440_0;
    %pushi/vec4 3, 0, 32;
    %cmp/e;
    %flag_get/vec4 4;
    %pushi/vec4 1, 0, 32;
    %load/vec4 v0x2498870_0;
    %pad/u 32;
    %cmp/ne;
    %flag_get/vec4 6;
    %and;
    %flag_set/vec4 8;
    %jmp/0xz  T_1.27, 8;
    %load/vec4 v0x2498d90_0;
    %cmpi/s 15, 0, 32;
    %jmp/0xz  T_1.29, 5;
    %vpi_call 2 100 "$display", "[halfadder] ERROR: %b + %b should produce cout=1 but was %b instead", v0x2498380_0, v0x2498ae0_0, v0x2498870_0 {0 0 0};
T_1.29 ;
    %load/vec4 v0x2498d90_0;
    %addi 1, 0, 32;
    %store/vec4 v0x2498d90_0, 0, 32;
T_1.27 ;
    %load/vec4 v0x2499440_0;
    %addi 1, 0, 32;
    %store/vec4 v0x2499440_0, 0, 32;
    %jmp T_1.0;
T_1.1 ;
    %pushi/vec4 0, 0, 32;
    %store/vec4 v0x2499440_0, 0, 32;
T_1.31 ;
    %load/vec4 v0x2499440_0;
    %cmpi/s 7, 0, 32;
    %flag_or 5, 4;
    %jmp/0xz T_1.32, 5;
    %load/vec4 v0x2499440_0;
    %parti/s 1, 0, 2;
    %store/vec4 v0x2498380_0, 0, 1;
    %load/vec4 v0x2499440_0;
    %parti/s 1, 1, 2;
    %store/vec4 v0x2498ae0_0, 0, 1;
    %load/vec4 v0x2499440_0;
    %parti/s 1, 2, 3;
    %store/vec4 v0x2498cf0_0, 0, 1;
    %delay 6000, 0;
    %load/vec4 v0x2499520_0;
    %addi 2, 0, 32;
    %store/vec4 v0x2499520_0, 0, 32;
    %load/vec4 v0x24991e0_0;
    %load/vec4 v0x2498700_0;
    %cmp/ne;
    %jmp/0xz  T_1.33, 6;
    %load/vec4 v0x2498d90_0;
    %cmpi/s 15, 0, 32;
    %jmp/0xz  T_1.35, 5;
    %vpi_call 2 120 "$display", "[fulladder] ERROR: %b + %b should produce cout=%b but was %b instead", v0x2498380_0, v0x2498ae0_0, v0x24991e0_0, v0x2498700_0 {0 0 0};
T_1.35 ;
    %load/vec4 v0x2498d90_0;
    %addi 1, 0, 32;
    %store/vec4 v0x2498d90_0, 0, 32;
T_1.33 ;
    %load/vec4 v0x24992a0_0;
    %load/vec4 v0x24987d0_0;
    %cmp/ne;
    %jmp/0xz  T_1.37, 6;
    %load/vec4 v0x2498d90_0;
    %cmpi/s 15, 0, 32;
    %jmp/0xz  T_1.39, 5;
    %vpi_call 2 126 "$display", "[fulladder] ERROR: %b + %b should produce sum=%b but was %b instead", v0x2498380_0, v0x2498ae0_0, v0x24992a0_0, v0x24987d0_0 {0 0 0};
T_1.39 ;
    %load/vec4 v0x2498d90_0;
    %addi 1, 0, 32;
    %store/vec4 v0x2498d90_0, 0, 32;
T_1.37 ;
    %load/vec4 v0x2499440_0;
    %addi 1, 0, 32;
    %store/vec4 v0x2499440_0, 0, 32;
    %jmp T_1.31;
T_1.32 ;
    %pushi/vec4 0, 0, 32;
    %store/vec4 v0x2499440_0, 0, 32;
T_1.41 ;
    %load/vec4 v0x2499440_0;
    %cmpi/s 31, 0, 32;
    %flag_or 5, 4;
    %jmp/0xz T_1.42, 5;
    %load/vec4 v0x2499440_0;
    %parti/s 2, 0, 2;
    %store/vec4 v0x2498420_0, 0, 2;
    %load/vec4 v0x2499440_0;
    %parti/s 2, 2, 3;
    %store/vec4 v0x2498b80_0, 0, 2;
    %load/vec4 v0x2499440_0;
    %parti/s 1, 4, 4;
    %store/vec4 v0x2498cf0_0, 0, 1;
    %delay 6000, 0;
    %load/vec4 v0x2499520_0;
    %addi 2, 0, 32;
    %store/vec4 v0x2499520_0, 0, 32;
    %load/vec4 v0x2498e30_0;
    %load/vec4 v0x24985a0_0;
    %cmp/ne;
    %jmp/0xz  T_1.43, 6;
    %load/vec4 v0x2498d90_0;
    %cmpi/s 15, 0, 32;
    %jmp/0xz  T_1.45, 5;
    %vpi_call 2 145 "$display", "[fulladder2] ERROR: %b + %b should produce cout=%b but was %b instead", v0x2498420_0, v0x2498b80_0, v0x2498e30_0, v0x24985a0_0 {0 0 0};
T_1.45 ;
    %load/vec4 v0x2498d90_0;
    %addi 1, 0, 32;
    %store/vec4 v0x2498d90_0, 0, 32;
T_1.43 ;
    %load/vec4 v0x2499100_0;
    %load/vec4 v0x2498640_0;
    %cmp/ne;
    %jmp/0xz  T_1.47, 6;
    %load/vec4 v0x2498d90_0;
    %cmpi/s 15, 0, 32;
    %jmp/0xz  T_1.49, 5;
    %vpi_call 2 151 "$display", "[fulladder2] ERROR: %b + %b should produce sum=%b but was %b instead", v0x2498420_0, v0x2498b80_0, v0x2499100_0, v0x2498640_0 {0 0 0};
T_1.49 ;
    %load/vec4 v0x2498d90_0;
    %addi 1, 0, 32;
    %store/vec4 v0x2498d90_0, 0, 32;
T_1.47 ;
    %load/vec4 v0x2499440_0;
    %addi 1, 0, 32;
    %store/vec4 v0x2499440_0, 0, 32;
    %jmp T_1.41;
T_1.42 ;
    %pushi/vec4 0, 0, 32;
    %store/vec4 v0x2499440_0, 0, 32;
T_1.51 ;
    %load/vec4 v0x2499440_0;
    %cmpi/s 255, 0, 32;
    %flag_or 5, 4;
    %jmp/0xz T_1.52, 5;
    %load/vec4 v0x2499440_0;
    %parti/s 4, 0, 2;
    %store/vec4 v0x24984e0_0, 0, 4;
    %load/vec4 v0x2499440_0;
    %parti/s 4, 4, 4;
    %store/vec4 v0x2498c50_0, 0, 4;
    %delay 6000, 0;
    %load/vec4 v0x2499520_0;
    %addi 1, 0, 32;
    %store/vec4 v0x2499520_0, 0, 32;
    %load/vec4 v0x2499360_0;
    %pad/u 8;
    %load/vec4 v0x2498a10_0;
    %cmp/ne;
    %jmp/0xz  T_1.53, 6;
    %load/vec4 v0x2498d90_0;
    %cmpi/s 15, 0, 32;
    %jmp/0xz  T_1.55, 5;
    %vpi_call 2 170 "$display", "[rca4] ERROR: %b + %b should produce sum=%b but was %b instead", v0x24984e0_0, v0x2498c50_0, v0x2499360_0, v0x2498a10_0 {0 0 0};
T_1.55 ;
    %load/vec4 v0x2498d90_0;
    %addi 1, 0, 32;
    %store/vec4 v0x2498d90_0, 0, 32;
T_1.53 ;
    %load/vec4 v0x2499440_0;
    %addi 1, 0, 32;
    %store/vec4 v0x2499440_0, 0, 32;
    %jmp T_1.51;
T_1.52 ;
    %load/vec4 v0x2498d90_0;
    %cmpi/s 15, 0, 32;
    %flag_or 5, 4; GT is !LE
    %flag_inv 5;
    %jmp/0xz  T_1.57, 5;
    %load/vec4 v0x2498d90_0;
    %subi 15, 0, 32;
    %vpi_call 2 177 "$display", "Additional %d errors NOT printed.", S<0,vec4,s32> {1 0 0};
T_1.57 ;
    %vpi_call 2 179 "$display", "Simulation finished: %d test cases %d errors", v0x2499520_0, v0x2498d90_0 {0 0 0};
    %load/vec4 v0x2499520_0;
    %store/vec4 v0x2490500_0, 0, 32;
    %load/vec4 v0x2499520_0;
    %load/vec4 v0x2498d90_0;
    %sub;
    %store/vec4 v0x2490400_0, 0, 32;
    %fork TD_test_adders.printPoints, S_0x2490220;
    %join;
    %vpi_call 2 181 "$finish" {0 0 0};
    %end;
    .thread T_1;
# The file index is used to find the file name in the following table.
:file_names 5;
    "N/A";
    "<interactive>";
    "rca_testbench.v";
    "rca.v";
    "./print_points.v";
